<?xml version="1.0" encoding="UTF-8"?>
<!-- Generated by org.testng.reporters.JUnitReportReporter -->
<testsuite skipped="0" hostname="INLH104910" name="com.seleniumprograms.testng.Getdataexample" tests="4" failures="0" timestamp="24 May 2020 10:48:30 GMT" time="0.020" errors="0">
  <testcase name="personalDetails" time="0.002" classname="com.seleniumprograms.testng.Getdataexample"/>
  <testcase name="personalDetails" time="0.003" classname="com.seleniumprograms.testng.Getdataexample"/>
  <testcase name="personalDetails" time="0.002" classname="com.seleniumprograms.testng.Getdataexample"/>
  <testcase name="personalDetails" time="0.013" classname="com.seleniumprograms.testng.Getdataexample"/>
</testsuite> <!-- com.seleniumprograms.testng.Getdataexample -->
