<?xml version="1.0" encoding="UTF-8"?>
<!-- Generated by org.testng.reporters.JUnitReportReporter -->
<testsuite skipped="0" hostname="INLH104910" name="com.seleniumprograms.testng.TestNGBasicAnotitations2" tests="4" failures="0" timestamp="22 May 2020 14:53:03 GMT" time="0.013" errors="0">
  <testcase name="t1" time="0.003" classname="com.seleniumprograms.testng.TestNGBasicAnotitations2"/>
  <testcase name="t2" time="0.005" classname="com.seleniumprograms.testng.TestNGBasicAnotitations2"/>
  <testcase name="t3" time="0.002" classname="com.seleniumprograms.testng.TestNGBasicAnotitations2"/>
  <testcase name="t4" time="0.003" classname="com.seleniumprograms.testng.TestNGBasicAnotitations2"/>
</testsuite> <!-- com.seleniumprograms.testng.TestNGBasicAnotitations2 -->
