<?xml version="1.0" encoding="UTF-8"?>
<!-- Generated by org.testng.reporters.JUnitReportReporter -->
<testsuite hostname="LAPTOP-IFQ70GDN" failures="0" tests="4" name="com.seleniumprogram.practice.Day03122020" time="0.012" errors="0" timestamp="03 Dec 2020 15:00:02 GMT" skipped="0">
  <testcase classname="com.seleniumprogram.practice.Day03122020" name="C1" time="0.001"/>
  <testcase classname="com.seleniumprogram.practice.Day03122020" name="A1" time="0.009"/>
  <testcase classname="com.seleniumprogram.practice.Day03122020" name="B1" time="0.001"/>
  <testcase classname="com.seleniumprogram.practice.Day03122020" name="m1" time="0.001"/>
</testsuite> <!-- com.seleniumprogram.practice.Day03122020 -->
