<?xml version="1.0" encoding="UTF-8"?>
<!-- Generated by org.testng.reporters.JUnitReportReporter -->
<testsuite skipped="0" hostname="INLH104910" name="com.seleniumprograms.testng.ParallelExcution" tests="4" failures="0" timestamp="24 May 2020 10:31:13 GMT" time="47.778" errors="0">
  <testcase name="ex2" time="11.321" classname="com.seleniumprograms.testng.ParallelExcution"/>
  <testcase name="ex1" time="12.517" classname="com.seleniumprograms.testng.ParallelExcution"/>
  <testcase name="ex3" time="11.631" classname="com.seleniumprograms.testng.ParallelExcution"/>
  <testcase name="ex4" time="12.309" classname="com.seleniumprograms.testng.ParallelExcution"/>
</testsuite> <!-- com.seleniumprograms.testng.ParallelExcution -->
