<?xml version="1.0" encoding="UTF-8"?>
<!-- Generated by org.testng.reporters.JUnitReportReporter -->
<testsuite hostname="LAPTOP-IFQ70GDN" failures="0" tests="2" name="com.seleniumprograms.testng.SimpleTest" time="0.011" errors="0" timestamp="03 Dec 2020 14:55:56 GMT" skipped="0">
  <testcase classname="com.seleniumprograms.testng.SimpleTest" name="simpleTest" time="0.010"/>
  <testcase classname="com.seleniumprograms.testng.SimpleTest" name="simpleTest" time="0.001"/>
</testsuite> <!-- com.seleniumprograms.testng.SimpleTest -->
