<?xml version="1.0" encoding="UTF-8"?>
<!-- Generated by org.testng.reporters.JUnitReportReporter -->
<testsuite skipped="0" hostname="INLH104910" name="com.seleniumprograms.testng.Parameterization" tests="1" failures="0" timestamp="24 May 2020 11:02:09 GMT" time="0.017" errors="0">
  <testcase name="tc1" time="0.017" classname="com.seleniumprograms.testng.Parameterization"/>
</testsuite> <!-- com.seleniumprograms.testng.Parameterization -->
