<?xml version="1.0" encoding="UTF-8"?>
<!-- Generated by org.testng.reporters.JUnitReportReporter -->
<testsuite skipped="0" hostname="INLH104910" name="com.seleniumprograms.suite1.Suite1" tests="4" failures="0" timestamp="24 May 2020 10:08:16 GMT" time="0.040" errors="1">
  <testcase name="t1" time="0.023" classname="com.seleniumprograms.suite1.Suite1">
    <error type="java.lang.Error" message="i am dependent">
      <![CDATA[java.lang.Error: i am dependent
	at com.seleniumprograms.suite1.Suite1.t1(Suite1.java:77)
	at sun.reflect.NativeMethodAccessorImpl.invoke0(Native Method)
	at sun.reflect.NativeMethodAccessorImpl.invoke(NativeMethodAccessorImpl.java:62)
	at sun.reflect.DelegatingMethodAccessorImpl.invoke(DelegatingMethodAccessorImpl.java:43)
	at java.lang.reflect.Method.invoke(Method.java:498)
	at org.testng.internal.MethodInvocationHelper.invokeMethod(MethodInvocationHelper.java:108)
	at org.testng.internal.Invoker.invokeMethod(Invoker.java:669)
	at org.testng.internal.Invoker.invokeTestMethod(Invoker.java:877)
	at org.testng.internal.Invoker.invokeTestMethods(Invoker.java:1201)
	at org.testng.internal.TestMethodWorker.invokeTestMethods(TestMethodWorker.java:125)
	at org.testng.internal.TestMethodWorker.run(TestMethodWorker.java:109)
	at java.util.concurrent.ThreadPoolExecutor.runWorker(ThreadPoolExecutor.java:1149)
	at java.util.concurrent.ThreadPoolExecutor$Worker.run(ThreadPoolExecutor.java:624)
	at java.lang.Thread.run(Thread.java:748)
]]>
    </error>
  </testcase> <!-- t1 -->
  <testcase name="t2" time="0.010" classname="com.seleniumprograms.suite1.Suite1"/>
  <testcase name="t3" time="0.002" classname="com.seleniumprograms.suite1.Suite1"/>
  <testcase name="t4" time="0.005" classname="com.seleniumprograms.suite1.Suite1"/>
</testsuite> <!-- com.seleniumprograms.suite1.Suite1 -->
