<?xml version="1.0" encoding="UTF-8"?>
<!-- Generated by org.testng.reporters.JUnitReportReporter -->
<testsuite skipped="2" hostname="INLH104910" name="com.seleniumprograms.testng.TestNGBasicAnotitations" tests="4" failures="0" timestamp="24 May 2020 09:35:01 GMT" time="0.023" errors="1">
  <testcase name="t1" time="0.019" classname="com.seleniumprograms.testng.TestNGBasicAnotitations">
    <error type="java.lang.Error" message="i am dependent">
      <![CDATA[java.lang.Error: i am dependent
	at com.seleniumprograms.testng.TestNGBasicAnotitations.t1(TestNGBasicAnotitations.java:39)
	at sun.reflect.NativeMethodAccessorImpl.invoke0(Native Method)
	at sun.reflect.NativeMethodAccessorImpl.invoke(NativeMethodAccessorImpl.java:62)
	at sun.reflect.DelegatingMethodAccessorImpl.invoke(DelegatingMethodAccessorImpl.java:43)
	at java.lang.reflect.Method.invoke(Method.java:498)
	at org.testng.internal.MethodInvocationHelper.invokeMethod(MethodInvocationHelper.java:108)
	at org.testng.internal.InvokeMethodRunnable.runOne(InvokeMethodRunnable.java:54)
	at org.testng.internal.InvokeMethodRunnable.run(InvokeMethodRunnable.java:44)
	at java.util.concurrent.Executors$RunnableAdapter.call(Executors.java:511)
	at java.util.concurrent.FutureTask.run(FutureTask.java:266)
	at java.util.concurrent.ThreadPoolExecutor.runWorker(ThreadPoolExecutor.java:1149)
	at java.util.concurrent.ThreadPoolExecutor$Worker.run(ThreadPoolExecutor.java:624)
	at java.lang.Thread.run(Thread.java:748)
]]>
    </error>
  </testcase> <!-- t1 -->
  <testcase name="t3" time="0.000" classname="com.seleniumprograms.testng.TestNGBasicAnotitations">
    <skipped/>
  </testcase> <!-- t3 -->
  <testcase name="t4" time="0.004" classname="com.seleniumprograms.testng.TestNGBasicAnotitations"/>
  <testcase name="t2" classname="com.seleniumprograms.testng.TestNGBasicAnotitations">
    <skipped/>
  </testcase> <!-- t2 -->
</testsuite> <!-- com.seleniumprograms.testng.TestNGBasicAnotitations -->
