<?xml version="1.0" encoding="UTF-8"?>
<!-- Generated by org.testng.reporters.JUnitReportReporter -->
<testsuite skipped="0" hostname="INLH104910" name="com.seleniumprograms.testng.GroupsExample" tests="2" failures="0" timestamp="24 May 2020 09:52:37 GMT" time="0.020" errors="0">
  <testcase name="t5" time="0.004" classname="com.seleniumprograms.testng.GroupsExample"/>
  <testcase name="t2" time="0.016" classname="com.seleniumprograms.testng.GroupsExample"/>
</testsuite> <!-- com.seleniumprograms.testng.GroupsExample -->
