<?xml version="1.0" encoding="UTF-8"?>
<!-- Generated by org.testng.reporters.JUnitReportReporter -->
<testsuite skipped="0" hostname="INLH104910" name="com.seleniumprograms.testng.Getdataexamplewithclass" tests="3" failures="0" timestamp="24 May 2020 10:53:58 GMT" time="0.016" errors="0">
  <testcase name="tc1" time="0.012" classname="com.seleniumprograms.testng.Getdataexamplewithclass"/>
  <testcase name="tc2" time="0.002" classname="com.seleniumprograms.testng.Getdataexamplewithclass"/>
  <testcase name="tc3" time="0.002" classname="com.seleniumprograms.testng.Getdataexamplewithclass"/>
</testsuite> <!-- com.seleniumprograms.testng.Getdataexamplewithclass -->
