<?xml version="1.0" encoding="UTF-8"?>
<!-- Generated by org.testng.reporters.JUnitReportReporter -->
<testsuite skipped="0" hostname="INLH104910" name="com.seleniumprograms.testng.Test1" tests="1" failures="0" timestamp="24 May 2020 11:51:09 GMT" time="0.029" errors="0">
  <testcase name="test1" time="0.029" classname="com.seleniumprograms.testng.Test1"/>
</testsuite> <!-- com.seleniumprograms.testng.Test1 -->
