<?xml version="1.0" encoding="UTF-8"?>
<!-- Generated by org.testng.reporters.JUnitReportReporter -->
<testsuite skipped="0" hostname="INLH104910" name="com.seleniumprograms.testng.TestNGBasicAnotitations3" tests="4" failures="0" timestamp="24 May 2020 09:35:01 GMT" time="0.021" errors="0">
  <testcase name="t1" time="0.005" classname="com.seleniumprograms.testng.TestNGBasicAnotitations3"/>
  <testcase name="t2" time="0.003" classname="com.seleniumprograms.testng.TestNGBasicAnotitations3"/>
  <testcase name="t3" time="0.009" classname="com.seleniumprograms.testng.TestNGBasicAnotitations3"/>
  <testcase name="t4" time="0.004" classname="com.seleniumprograms.testng.TestNGBasicAnotitations3"/>
</testsuite> <!-- com.seleniumprograms.testng.TestNGBasicAnotitations3 -->
