<?xml version="1.0" encoding="UTF-8"?>
<!-- Generated by org.testng.reporters.JUnitReportReporter -->
<testsuite skipped="0" hostname="INLH104910" name="com.seleniumprograms.testng.ParallelExcution2" tests="4" failures="0" timestamp="24 May 2020 10:31:13 GMT" time="47.886" errors="0">
  <testcase name="ex3" time="11.998" classname="com.seleniumprograms.testng.ParallelExcution2"/>
  <testcase name="ex2" time="11.379" classname="com.seleniumprograms.testng.ParallelExcution2"/>
  <testcase name="ex1" time="12.496" classname="com.seleniumprograms.testng.ParallelExcution2"/>
  <testcase name="ex4" time="12.013" classname="com.seleniumprograms.testng.ParallelExcution2"/>
</testsuite> <!-- com.seleniumprograms.testng.ParallelExcution2 -->
