<?xml version="1.0" encoding="UTF-8"?>
<!-- Generated by org.testng.reporters.JUnitReportReporter -->
<testsuite skipped="0" hostname="INLH104910" name="com.seleniumprograms.testng.ParallelExcution2" tests="4" failures="0" timestamp="26 May 2020 08:56:46 GMT" time="50.928" errors="0">
  <testcase name="ex3" time="12.899" classname="com.seleniumprograms.testng.ParallelExcution2"/>
  <testcase name="ex4" time="12.984" classname="com.seleniumprograms.testng.ParallelExcution2"/>
  <testcase name="ex2" time="11.985" classname="com.seleniumprograms.testng.ParallelExcution2"/>
  <testcase name="ex1" time="13.060" classname="com.seleniumprograms.testng.ParallelExcution2"/>
</testsuite> <!-- com.seleniumprograms.testng.ParallelExcution2 -->
