<?xml version="1.0" encoding="UTF-8"?>
<!-- Generated by org.testng.reporters.JUnitReportReporter -->
<testsuite skipped="0" hostname="INLH104910" name="com.seleniumprograms.testng.ParallelExcution" tests="4" failures="0" timestamp="26 May 2020 08:56:46 GMT" time="50.982" errors="0">
  <testcase name="ex4" time="12.756" classname="com.seleniumprograms.testng.ParallelExcution"/>
  <testcase name="ex3" time="13.151" classname="com.seleniumprograms.testng.ParallelExcution"/>
  <testcase name="ex2" time="11.983" classname="com.seleniumprograms.testng.ParallelExcution"/>
  <testcase name="ex1" time="13.092" classname="com.seleniumprograms.testng.ParallelExcution"/>
</testsuite> <!-- com.seleniumprograms.testng.ParallelExcution -->
